<?xml version="1.0" encoding="UTF-8"?>
<!-- Generated by org.testng.reporters.JUnitXMLReporter -->
<testsuite ignored="0" hostname="ERROR" failures="0" tests="3" name="Default test" time="25.564" errors="0" timestamp="2024-04-27T18:43:18 EET">
  <testcase classname="SignupAndSigninProcess.SignupAndSignin" name="signupProcess" time="9.547"/>
  <testcase classname="SignupAndSigninProcess.SignupAndSignin" name="signinProcess" time="3.072"/>
  <testcase classname="SignupAndSigninProcess.SignupAndSignin" name="addfirstProduct" time="6.505"/>
</testsuite> <!-- Default test -->
