<?xml version="1.0" encoding="UTF-8"?>
<testng-results ignored="0" total="3" passed="3" failed="0" skipped="0">
  <reporter-output>
  </reporter-output>
  <suite started-at="2024-04-27T18:42:53 EET" name="Default suite" finished-at="2024-04-27T18:43:18 EET" duration-ms="25564">
    <groups>
    </groups>
    <test started-at="2024-04-27T18:42:53 EET" name="Default test" finished-at="2024-04-27T18:43:18 EET" duration-ms="25564">
      <class name="SignupAndSigninProcess.SignupAndSignin">
        <test-method is-config="true" signature="setup()[pri:0, instance:SignupAndSigninProcess.SignupAndSignin@17a1e4ca]" started-at="2024-04-27T18:42:53 EET" name="setup" finished-at="2024-04-27T18:42:59 EET" duration-ms="6374" status="PASS">
          <reporter-output>
          </reporter-output>
        </test-method> <!-- setup -->
        <test-method signature="signupProcess()[pri:1, instance:SignupAndSigninProcess.SignupAndSignin@17a1e4ca]" started-at="2024-04-27T18:42:59 EET" name="signupProcess" finished-at="2024-04-27T18:43:09 EET" duration-ms="9547" status="PASS">
          <reporter-output>
          </reporter-output>
        </test-method> <!-- signupProcess -->
        <test-method signature="signinProcess()[pri:2, instance:SignupAndSigninProcess.SignupAndSignin@17a1e4ca]" started-at="2024-04-27T18:43:09 EET" name="signinProcess" finished-at="2024-04-27T18:43:12 EET" duration-ms="3072" status="PASS">
          <reporter-output>
          </reporter-output>
        </test-method> <!-- signinProcess -->
        <test-method signature="addfirstProduct()[pri:3, instance:SignupAndSigninProcess.SignupAndSignin@17a1e4ca]" started-at="2024-04-27T18:43:12 EET" name="addfirstProduct" finished-at="2024-04-27T18:43:18 EET" duration-ms="6505" status="PASS">
          <reporter-output>
          </reporter-output>
        </test-method> <!-- addfirstProduct -->
      </class> <!-- SignupAndSigninProcess.SignupAndSignin -->
    </test> <!-- Default test -->
  </suite> <!-- Default suite -->
</testng-results>
